app_build/intermediates/manifest_merge_blame_file/debug/processDebugMainManifest/manifest-merger-blame-debug-report.txt
1<?xml version="1.0" encoding="utf-8"?>
2<manifest xmlns:android="http://schemas.android.com/apk/res/android"
3    package="com.example.telephases"
4    android:versionCode="1"
5    android:versionName="1.0" >
6
7    <uses-sdk
8        android:minSdkVersion="24"
9        android:targetSdkVersion="35" />
10
11    <uses-permission android:name="android.permission.INTERNET" />
11-->src\main\AndroidManifest.xml:5:5-67
11-->src\main\AndroidManifest.xml:5:22-64
12    <uses-permission
12-->src\main\AndroidManifest.xml:8:5-95
13        android:name="android.permission.BLUETOOTH"
13-->src\main\AndroidManifest.xml:8:22-65
14        android:maxSdkVersion="30" />
14-->src\main\AndroidManifest.xml:8:66-92
15    <uses-permission
15-->src\main\AndroidManifest.xml:9:5-101
16        android:name="android.permission.BLUETOOTH_ADMIN"
16-->src\main\AndroidManifest.xml:9:22-71
17        android:maxSdkVersion="30" />
17-->src\main\AndroidManifest.xml:9:72-98
18    <uses-permission android:name="android.permission.BLUETOOTH_SCAN" />
18-->src\main\AndroidManifest.xml:11:5-73
18-->src\main\AndroidManifest.xml:11:22-70
19    <uses-permission android:name="android.permission.BLUETOOTH_CONNECT" />
19-->src\main\AndroidManifest.xml:12:5-76
19-->src\main\AndroidManifest.xml:12:22-73
20    <uses-permission android:name="android.permission.ACCESS_FINE_LOCATION" />
20-->src\main\AndroidManifest.xml:14:5-79
20-->src\main\AndroidManifest.xml:14:22-76
21    <uses-permission android:name="android.permission.ACCESS_COARSE_LOCATION" />
21-->src\main\AndroidManifest.xml:15:5-80
21-->src\main\AndroidManifest.xml:15:22-78
22
23    <uses-feature
23-->src\main\AndroidManifest.xml:17:5-89
24        android:name="android.hardware.bluetooth_le"
24-->src\main\AndroidManifest.xml:17:19-63
25        android:required="true" />
25-->src\main\AndroidManifest.xml:17:64-87
26
27    <uses-permission android:name="android.permission.BLUETOOTH_ADVERTISE" />
27-->[lepu-blepro-1.0.9.aar] AndroidManifest.xml:14:5-78
27-->[lepu-blepro-1.0.9.aar] AndroidManifest.xml:14:22-75
28    <uses-permission android:name="android.permission.READ_LOGS" />
28-->[lepu-blepro-1.0.9.aar] AndroidManifest.xml:17:5-19:47
28-->[lepu-blepro-1.0.9.aar] AndroidManifest.xml:18:9-52
29    <uses-permission android:name="android.permission.WAKE_LOCK" />
29-->[androidx.work:work-runtime:2.9.0] AndroidManifest.xml:23:5-68
29-->[androidx.work:work-runtime:2.9.0] AndroidManifest.xml:23:22-65
30    <uses-permission android:name="android.permission.ACCESS_NETWORK_STATE" />
30-->[androidx.work:work-runtime:2.9.0] AndroidManifest.xml:24:5-79
30-->[androidx.work:work-runtime:2.9.0] AndroidManifest.xml:24:22-76
31    <uses-permission android:name="android.permission.RECEIVE_BOOT_COMPLETED" />
31-->[androidx.work:work-runtime:2.9.0] AndroidManifest.xml:25:5-81
31-->[androidx.work:work-runtime:2.9.0] AndroidManifest.xml:25:22-78
32    <uses-permission android:name="android.permission.FOREGROUND_SERVICE" />
32-->[androidx.work:work-runtime:2.9.0] AndroidManifest.xml:26:5-77
32-->[androidx.work:work-runtime:2.9.0] AndroidManifest.xml:26:22-74
33
34    <permission
34-->[androidx.core:core:1.16.0] AndroidManifest.xml:22:5-24:47
35        android:name="com.example.telephases.DYNAMIC_RECEIVER_NOT_EXPORTED_PERMISSION"
35-->[androidx.core:core:1.16.0] AndroidManifest.xml:23:9-81
36        android:protectionLevel="signature" />
36-->[androidx.core:core:1.16.0] AndroidManifest.xml:24:9-44
37
38    <uses-permission android:name="com.example.telephases.DYNAMIC_RECEIVER_NOT_EXPORTED_PERMISSION" />
38-->[androidx.core:core:1.16.0] AndroidManifest.xml:26:5-97
38-->[androidx.core:core:1.16.0] AndroidManifest.xml:26:22-94
39
40    <application
40-->src\main\AndroidManifest.xml:20:5-41:19
41        android:name="com.example.telephases.TelephaseApplication"
41-->src\main\AndroidManifest.xml:21:9-45
42        android:allowBackup="true"
42-->src\main\AndroidManifest.xml:22:9-35
43        android:appComponentFactory="androidx.core.app.CoreComponentFactory"
43-->[androidx.core:core:1.16.0] AndroidManifest.xml:28:18-86
44        android:dataExtractionRules="@xml/data_extraction_rules"
44-->src\main\AndroidManifest.xml:23:9-65
45        android:debuggable="true"
46        android:extractNativeLibs="false"
47        android:fullBackupContent="@xml/backup_rules"
47-->src\main\AndroidManifest.xml:24:9-54
48        android:icon="@mipmap/ic_launcher"
48-->src\main\AndroidManifest.xml:25:9-43
49        android:label="@string/app_name"
49-->src\main\AndroidManifest.xml:26:9-41
50        android:networkSecurityConfig="@xml/network_security_config"
50-->src\main\AndroidManifest.xml:31:9-69
51        android:roundIcon="@mipmap/ic_launcher_round"
51-->src\main\AndroidManifest.xml:27:9-54
52        android:supportsRtl="true"
52-->src\main\AndroidManifest.xml:28:9-35
53        android:theme="@style/Theme.Telephases" >
53-->src\main\AndroidManifest.xml:29:9-48
54        <activity
54-->src\main\AndroidManifest.xml:31:71-40:16
55            android:name="com.example.telephases.MainActivity"
55-->src\main\AndroidManifest.xml:32:9-37
56            android:exported="true"
56-->src\main\AndroidManifest.xml:33:9-32
57            android:label="@string/app_name"
57-->src\main\AndroidManifest.xml:34:9-41
58            android:theme="@style/Theme.Telephases" >
58-->src\main\AndroidManifest.xml:35:9-48
59            <intent-filter>
59-->src\main\AndroidManifest.xml:36:9-39:25
60                <action android:name="android.intent.action.MAIN" />
60-->src\main\AndroidManifest.xml:37:13-65
60-->src\main\AndroidManifest.xml:37:21-62
61
62                <category android:name="android.intent.category.LAUNCHER" />
62-->src\main\AndroidManifest.xml:38:13-73
62-->src\main\AndroidManifest.xml:38:23-70
63            </intent-filter>
64        </activity>
65
66        <provider
66-->[androidx.work:work-runtime:2.9.0] AndroidManifest.xml:29:9-37:20
67            android:name="androidx.startup.InitializationProvider"
67-->[androidx.work:work-runtime:2.9.0] AndroidManifest.xml:30:13-67
68            android:authorities="com.example.telephases.androidx-startup"
68-->[androidx.work:work-runtime:2.9.0] AndroidManifest.xml:31:13-68
69            android:exported="false" >
69-->[androidx.work:work-runtime:2.9.0] AndroidManifest.xml:32:13-37
70            <meta-data
70-->[androidx.work:work-runtime:2.9.0] AndroidManifest.xml:34:13-36:52
71                android:name="androidx.work.WorkManagerInitializer"
71-->[androidx.work:work-runtime:2.9.0] AndroidManifest.xml:35:17-68
72                android:value="androidx.startup" />
72-->[androidx.work:work-runtime:2.9.0] AndroidManifest.xml:36:17-49
73            <meta-data
73-->[androidx.emoji2:emoji2:1.3.0] AndroidManifest.xml:29:13-31:52
74                android:name="androidx.emoji2.text.EmojiCompatInitializer"
74-->[androidx.emoji2:emoji2:1.3.0] AndroidManifest.xml:30:17-75
75                android:value="androidx.startup" />
75-->[androidx.emoji2:emoji2:1.3.0] AndroidManifest.xml:31:17-49
76            <meta-data
76-->[androidx.lifecycle:lifecycle-process:2.8.7] AndroidManifest.xml:29:13-31:52
77                android:name="androidx.lifecycle.ProcessLifecycleInitializer"
77-->[androidx.lifecycle:lifecycle-process:2.8.7] AndroidManifest.xml:30:17-78
78                android:value="androidx.startup" />
78-->[androidx.lifecycle:lifecycle-process:2.8.7] AndroidManifest.xml:31:17-49
79            <meta-data
79-->[androidx.profileinstaller:profileinstaller:1.4.0] AndroidManifest.xml:29:13-31:52
80                android:name="androidx.profileinstaller.ProfileInstallerInitializer"
80-->[androidx.profileinstaller:profileinstaller:1.4.0] AndroidManifest.xml:30:17-85
81                android:value="androidx.startup" />
81-->[androidx.profileinstaller:profileinstaller:1.4.0] AndroidManifest.xml:31:17-49
82        </provider>
83
84        <service
84-->[androidx.work:work-runtime:2.9.0] AndroidManifest.xml:39:9-45:35
85            android:name="androidx.work.impl.background.systemalarm.SystemAlarmService"
85-->[androidx.work:work-runtime:2.9.0] AndroidManifest.xml:40:13-88
86            android:directBootAware="false"
86-->[androidx.work:work-runtime:2.9.0] AndroidManifest.xml:41:13-44
87            android:enabled="@bool/enable_system_alarm_service_default"
87-->[androidx.work:work-runtime:2.9.0] AndroidManifest.xml:42:13-72
88            android:exported="false" />
88-->[androidx.work:work-runtime:2.9.0] AndroidManifest.xml:43:13-37
89        <service
89-->[androidx.work:work-runtime:2.9.0] AndroidManifest.xml:46:9-52:35
90            android:name="androidx.work.impl.background.systemjob.SystemJobService"
90-->[androidx.work:work-runtime:2.9.0] AndroidManifest.xml:47:13-84
91            android:directBootAware="false"
91-->[androidx.work:work-runtime:2.9.0] AndroidManifest.xml:48:13-44
92            android:enabled="@bool/enable_system_job_service_default"
92-->[androidx.work:work-runtime:2.9.0] AndroidManifest.xml:49:13-70
93            android:exported="true"
93-->[androidx.work:work-runtime:2.9.0] AndroidManifest.xml:50:13-36
94            android:permission="android.permission.BIND_JOB_SERVICE" />
94-->[androidx.work:work-runtime:2.9.0] AndroidManifest.xml:51:13-69
95        <service
95-->[androidx.work:work-runtime:2.9.0] AndroidManifest.xml:53:9-59:35
96            android:name="androidx.work.impl.foreground.SystemForegroundService"
96-->[androidx.work:work-runtime:2.9.0] AndroidManifest.xml:54:13-81
97            android:directBootAware="false"
97-->[androidx.work:work-runtime:2.9.0] AndroidManifest.xml:55:13-44
98            android:enabled="@bool/enable_system_foreground_service_default"
98-->[androidx.work:work-runtime:2.9.0] AndroidManifest.xml:56:13-77
99            android:exported="false" />
99-->[androidx.work:work-runtime:2.9.0] AndroidManifest.xml:57:13-37
100
101        <receiver
101-->[androidx.work:work-runtime:2.9.0] AndroidManifest.xml:61:9-66:35
102            android:name="androidx.work.impl.utils.ForceStopRunnable$BroadcastReceiver"
102-->[androidx.work:work-runtime:2.9.0] AndroidManifest.xml:62:13-88
103            android:directBootAware="false"
103-->[androidx.work:work-runtime:2.9.0] AndroidManifest.xml:63:13-44
104            android:enabled="true"
104-->[androidx.work:work-runtime:2.9.0] AndroidManifest.xml:64:13-35
105            android:exported="false" />
105-->[androidx.work:work-runtime:2.9.0] AndroidManifest.xml:65:13-37
106        <receiver
106-->[androidx.work:work-runtime:2.9.0] AndroidManifest.xml:67:9-77:20
107            android:name="androidx.work.impl.background.systemalarm.ConstraintProxy$BatteryChargingProxy"
107-->[androidx.work:work-runtime:2.9.0] AndroidManifest.xml:68:13-106
108            android:directBootAware="false"
108-->[androidx.work:work-runtime:2.9.0] AndroidManifest.xml:69:13-44
109            android:enabled="false"
109-->[androidx.work:work-runtime:2.9.0] AndroidManifest.xml:70:13-36
110            android:exported="false" >
110-->[androidx.work:work-runtime:2.9.0] AndroidManifest.xml:71:13-37
111            <intent-filter>
111-->[androidx.work:work-runtime:2.9.0] AndroidManifest.xml:73:13-76:29
112                <action android:name="android.intent.action.ACTION_POWER_CONNECTED" />
112-->[androidx.work:work-runtime:2.9.0] AndroidManifest.xml:74:17-87
112-->[androidx.work:work-runtime:2.9.0] AndroidManifest.xml:74:25-84
113                <action android:name="android.intent.action.ACTION_POWER_DISCONNECTED" />
113-->[androidx.work:work-runtime:2.9.0] AndroidManifest.xml:75:17-90
113-->[androidx.work:work-runtime:2.9.0] AndroidManifest.xml:75:25-87
114            </intent-filter>
115        </receiver>
116        <receiver
116-->[androidx.work:work-runtime:2.9.0] AndroidManifest.xml:78:9-88:20
117            android:name="androidx.work.impl.background.systemalarm.ConstraintProxy$BatteryNotLowProxy"
117-->[androidx.work:work-runtime:2.9.0] AndroidManifest.xml:79:13-104
118            android:directBootAware="false"
118-->[androidx.work:work-runtime:2.9.0] AndroidManifest.xml:80:13-44
119            android:enabled="false"
119-->[androidx.work:work-runtime:2.9.0] AndroidManifest.xml:81:13-36
120            android:exported="false" >
120-->[androidx.work:work-runtime:2.9.0] AndroidManifest.xml:82:13-37
121            <intent-filter>
121-->[androidx.work:work-runtime:2.9.0] AndroidManifest.xml:84:13-87:29
122                <action android:name="android.intent.action.BATTERY_OKAY" />
122-->[androidx.work:work-runtime:2.9.0] AndroidManifest.xml:85:17-77
122-->[androidx.work:work-runtime:2.9.0] AndroidManifest.xml:85:25-74
123                <action android:name="android.intent.action.BATTERY_LOW" />
123-->[androidx.work:work-runtime:2.9.0] AndroidManifest.xml:86:17-76
123-->[androidx.work:work-runtime:2.9.0] AndroidManifest.xml:86:25-73
124            </intent-filter>
125        </receiver>
126        <receiver
126-->[androidx.work:work-runtime:2.9.0] AndroidManifest.xml:89:9-99:20
127            android:name="androidx.work.impl.background.systemalarm.ConstraintProxy$StorageNotLowProxy"
127-->[androidx.work:work-runtime:2.9.0] AndroidManifest.xml:90:13-104
128            android:directBootAware="false"
128-->[androidx.work:work-runtime:2.9.0] AndroidManifest.xml:91:13-44
129            android:enabled="false"
129-->[androidx.work:work-runtime:2.9.0] AndroidManifest.xml:92:13-36
130            android:exported="false" >
130-->[androidx.work:work-runtime:2.9.0] AndroidManifest.xml:93:13-37
131            <intent-filter>
131-->[androidx.work:work-runtime:2.9.0] AndroidManifest.xml:95:13-98:29
132                <action android:name="android.intent.action.DEVICE_STORAGE_LOW" />
132-->[androidx.work:work-runtime:2.9.0] AndroidManifest.xml:96:17-83
132-->[androidx.work:work-runtime:2.9.0] AndroidManifest.xml:96:25-80
133                <action android:name="android.intent.action.DEVICE_STORAGE_OK" />
133-->[androidx.work:work-runtime:2.9.0] AndroidManifest.xml:97:17-82
133-->[androidx.work:work-runtime:2.9.0] AndroidManifest.xml:97:25-79
134            </intent-filter>
135        </receiver>
136        <receiver
136-->[androidx.work:work-runtime:2.9.0] AndroidManifest.xml:100:9-109:20
137            android:name="androidx.work.impl.background.systemalarm.ConstraintProxy$NetworkStateProxy"
137-->[androidx.work:work-runtime:2.9.0] AndroidManifest.xml:101:13-103
138            android:directBootAware="false"
138-->[androidx.work:work-runtime:2.9.0] AndroidManifest.xml:102:13-44
139            android:enabled="false"
139-->[androidx.work:work-runtime:2.9.0] AndroidManifest.xml:103:13-36
140            android:exported="false" >
140-->[androidx.work:work-runtime:2.9.0] AndroidManifest.xml:104:13-37
141            <intent-filter>
141-->[androidx.work:work-runtime:2.9.0] AndroidManifest.xml:106:13-108:29
142                <action android:name="android.net.conn.CONNECTIVITY_CHANGE" />
142-->[androidx.work:work-runtime:2.9.0] AndroidManifest.xml:107:17-79
142-->[androidx.work:work-runtime:2.9.0] AndroidManifest.xml:107:25-76
143            </intent-filter>
144        </receiver>
145        <receiver
145-->[androidx.work:work-runtime:2.9.0] AndroidManifest.xml:110:9-121:20
146            android:name="androidx.work.impl.background.systemalarm.RescheduleReceiver"
146-->[androidx.work:work-runtime:2.9.0] AndroidManifest.xml:111:13-88
147            android:directBootAware="false"
147-->[androidx.work:work-runtime:2.9.0] AndroidManifest.xml:112:13-44
148            android:enabled="false"
148-->[androidx.work:work-runtime:2.9.0] AndroidManifest.xml:113:13-36
149            android:exported="false" >
149-->[androidx.work:work-runtime:2.9.0] AndroidManifest.xml:114:13-37
150            <intent-filter>
150-->[androidx.work:work-runtime:2.9.0] AndroidManifest.xml:116:13-120:29
151                <action android:name="android.intent.action.BOOT_COMPLETED" />
151-->[androidx.work:work-runtime:2.9.0] AndroidManifest.xml:117:17-79
151-->[androidx.work:work-runtime:2.9.0] AndroidManifest.xml:117:25-76
152                <action android:name="android.intent.action.TIME_SET" />
152-->[androidx.work:work-runtime:2.9.0] AndroidManifest.xml:118:17-73
152-->[androidx.work:work-runtime:2.9.0] AndroidManifest.xml:118:25-70
153                <action android:name="android.intent.action.TIMEZONE_CHANGED" />
153-->[androidx.work:work-runtime:2.9.0] AndroidManifest.xml:119:17-81
153-->[androidx.work:work-runtime:2.9.0] AndroidManifest.xml:119:25-78
154            </intent-filter>
155        </receiver>
156        <receiver
156-->[androidx.work:work-runtime:2.9.0] AndroidManifest.xml:122:9-131:20
157            android:name="androidx.work.impl.background.systemalarm.ConstraintProxyUpdateReceiver"
157-->[androidx.work:work-runtime:2.9.0] AndroidManifest.xml:123:13-99
158            android:directBootAware="false"
158-->[androidx.work:work-runtime:2.9.0] AndroidManifest.xml:124:13-44
159            android:enabled="@bool/enable_system_alarm_service_default"
159-->[androidx.work:work-runtime:2.9.0] AndroidManifest.xml:125:13-72
160            android:exported="false" >
160-->[androidx.work:work-runtime:2.9.0] AndroidManifest.xml:126:13-37
161            <intent-filter>
161-->[androidx.work:work-runtime:2.9.0] AndroidManifest.xml:128:13-130:29
162                <action android:name="androidx.work.impl.background.systemalarm.UpdateProxies" />
162-->[androidx.work:work-runtime:2.9.0] AndroidManifest.xml:129:17-98
162-->[androidx.work:work-runtime:2.9.0] AndroidManifest.xml:129:25-95
163            </intent-filter>
164        </receiver>
165        <receiver
165-->[androidx.work:work-runtime:2.9.0] AndroidManifest.xml:132:9-142:20
166            android:name="androidx.work.impl.diagnostics.DiagnosticsReceiver"
166-->[androidx.work:work-runtime:2.9.0] AndroidManifest.xml:133:13-78
167            android:directBootAware="false"
167-->[androidx.work:work-runtime:2.9.0] AndroidManifest.xml:134:13-44
168            android:enabled="true"
168-->[androidx.work:work-runtime:2.9.0] AndroidManifest.xml:135:13-35
169            android:exported="true"
169-->[androidx.work:work-runtime:2.9.0] AndroidManifest.xml:136:13-36
170            android:permission="android.permission.DUMP" >
170-->[androidx.work:work-runtime:2.9.0] AndroidManifest.xml:137:13-57
171            <intent-filter>
171-->[androidx.work:work-runtime:2.9.0] AndroidManifest.xml:139:13-141:29
172                <action android:name="androidx.work.diagnostics.REQUEST_DIAGNOSTICS" />
172-->[androidx.work:work-runtime:2.9.0] AndroidManifest.xml:140:17-88
172-->[androidx.work:work-runtime:2.9.0] AndroidManifest.xml:140:25-85
173            </intent-filter>
174        </receiver>
175
176        <activity
176-->[androidx.compose.ui:ui-tooling-android:1.7.0] AndroidManifest.xml:23:9-25:39
177            android:name="androidx.compose.ui.tooling.PreviewActivity"
177-->[androidx.compose.ui:ui-tooling-android:1.7.0] AndroidManifest.xml:24:13-71
178            android:exported="true" />
178-->[androidx.compose.ui:ui-tooling-android:1.7.0] AndroidManifest.xml:25:13-36
179        <activity
179-->[androidx.compose.ui:ui-test-manifest:1.7.0] AndroidManifest.xml:23:9-25:39
180            android:name="androidx.activity.ComponentActivity"
180-->[androidx.compose.ui:ui-test-manifest:1.7.0] AndroidManifest.xml:24:13-63
181            android:exported="true" />
181-->[androidx.compose.ui:ui-test-manifest:1.7.0] AndroidManifest.xml:25:13-36
182
183        <service
183-->[androidx.room:room-runtime:2.6.1] AndroidManifest.xml:24:9-28:63
184            android:name="androidx.room.MultiInstanceInvalidationService"
184-->[androidx.room:room-runtime:2.6.1] AndroidManifest.xml:25:13-74
185            android:directBootAware="true"
185-->[androidx.room:room-runtime:2.6.1] AndroidManifest.xml:26:13-43
186            android:exported="false" />
186-->[androidx.room:room-runtime:2.6.1] AndroidManifest.xml:27:13-37
187
188        <receiver
188-->[androidx.profileinstaller:profileinstaller:1.4.0] AndroidManifest.xml:34:9-52:20
189            android:name="androidx.profileinstaller.ProfileInstallReceiver"
189-->[androidx.profileinstaller:profileinstaller:1.4.0] AndroidManifest.xml:35:13-76
190            android:directBootAware="false"
190-->[androidx.profileinstaller:profileinstaller:1.4.0] AndroidManifest.xml:36:13-44
191            android:enabled="true"
191-->[androidx.profileinstaller:profileinstaller:1.4.0] AndroidManifest.xml:37:13-35
192            android:exported="true"
192-->[androidx.profileinstaller:profileinstaller:1.4.0] AndroidManifest.xml:38:13-36
193            android:permission="android.permission.DUMP" >
193-->[androidx.profileinstaller:profileinstaller:1.4.0] AndroidManifest.xml:39:13-57
194            <intent-filter>
194-->[androidx.profileinstaller:profileinstaller:1.4.0] AndroidManifest.xml:40:13-42:29
195                <action android:name="androidx.profileinstaller.action.INSTALL_PROFILE" />
195-->[androidx.profileinstaller:profileinstaller:1.4.0] AndroidManifest.xml:41:17-91
195-->[androidx.profileinstaller:profileinstaller:1.4.0] AndroidManifest.xml:41:25-88
196            </intent-filter>
197            <intent-filter>
197-->[androidx.profileinstaller:profileinstaller:1.4.0] AndroidManifest.xml:43:13-45:29
198                <action android:name="androidx.profileinstaller.action.SKIP_FILE" />
198-->[androidx.profileinstaller:profileinstaller:1.4.0] AndroidManifest.xml:44:17-85
198-->[androidx.profileinstaller:profileinstaller:1.4.0] AndroidManifest.xml:44:25-82
199            </intent-filter>
200            <intent-filter>
200-->[androidx.profileinstaller:profileinstaller:1.4.0] AndroidManifest.xml:46:13-48:29
201                <action android:name="androidx.profileinstaller.action.SAVE_PROFILE" />
201-->[androidx.profileinstaller:profileinstaller:1.4.0] AndroidManifest.xml:47:17-88
201-->[androidx.profileinstaller:profileinstaller:1.4.0] AndroidManifest.xml:47:25-85
202            </intent-filter>
203            <intent-filter>
203-->[androidx.profileinstaller:profileinstaller:1.4.0] AndroidManifest.xml:49:13-51:29
204                <action android:name="androidx.profileinstaller.action.BENCHMARK_OPERATION" />
204-->[androidx.profileinstaller:profileinstaller:1.4.0] AndroidManifest.xml:50:17-95
204-->[androidx.profileinstaller:profileinstaller:1.4.0] AndroidManifest.xml:50:25-92
205            </intent-filter>
206        </receiver>
207    </application>
208
209</manifest>